<?xml version="1.0" encoding="UTF-8"?>
<!-- Generated by org.testng.reporters.JUnitReportReporter -->
<testsuite hostname="LAPTOP-INRT5BUS" name="NewTest" tests="1" failures="0" timestamp="15 May 2017 18:14:18 GMT" time="100.060" errors="0">
  <testcase name="f" time="100.060" classname="NewTest"/>
</testsuite> <!-- NewTest -->
