<?xml version="1.0" encoding="UTF-8"?>
<!-- Generated by org.testng.reporters.JUnitReportReporter -->
<testsuite hostname="LAPTOP-INRT5BUS" name="TestNG_ProjectCRM.ReadDataXLS" tests="1" failures="0" timestamp="27 Dec 2016 08:35:55 GMT" time="0.963" errors="0">
  <testcase name="createCampaignVerify" time="0.963" classname="TestNG_ProjectCRM.ReadDataXLS"/>
</testsuite> <!-- TestNG_ProjectCRM.ReadDataXLS -->
